<?xml version="1.0" encoding="UTF-8"?>
<!-- Generated by org.testng.reporters.JUnitReportReporter -->
<testsuite skipped="0" hostname="DESKTOP-RPROTA7" name="yiye.ActivityTest" tests="2" failures="0" timestamp="13 三月 2019 13:51:15 GMT" time="15.704" errors="0">
  <testcase name="f" time="9.835" classname="yiye.ActivityTest"/>
  <testcase name="f" time="5.869" classname="yiye.ActivityTest"/>
</testsuite> <!-- yiye.ActivityTest -->
