<?xml version="1.0" encoding="UTF-8"?>
<!-- Generated by org.testng.reporters.JUnitReportReporter -->
<testsuite skipped="0" hostname="DESKTOP-RPROTA7" name="yiye.Excel" tests="5" failures="0" timestamp="16 四月 2019 14:29:41 GMT" time="0.010" errors="0">
  <testcase name="testAdd" time="0.007" classname="yiye.Excel"/>
  <testcase name="testAdd" time="0.001" classname="yiye.Excel"/>
  <testcase name="testAdd" time="0.000" classname="yiye.Excel"/>
  <testcase name="testAdd" time="0.001" classname="yiye.Excel"/>
  <testcase name="testAdd" time="0.001" classname="yiye.Excel"/>
</testsuite> <!-- yiye.Excel -->
