<?xml version="1.0" encoding="UTF-8"?>
<!-- Generated by org.testng.reporters.JUnitReportReporter -->
<testsuite skipped="0" hostname="DESKTOP-RPROTA7" name="com.com.TestBaiDu" tests="1" failures="0" timestamp="26 二月 2019 12:48:04 GMT" time="5.085" errors="0">
  <testcase name="testBaiDu" time="5.085" classname="com.com.TestBaiDu"/>
</testsuite> <!-- com.com.TestBaiDu -->
