<?xml version="1.0" encoding="UTF-8"?>
<!-- Generated by org.testng.reporters.JUnitReportReporter -->
<testsuite skipped="0" hostname="DESKTOP-RPROTA7" name="api.NewTest" tests="1" failures="0" timestamp="16 四月 2019 14:27:40 GMT" time="1.151" errors="0">
  <testcase name="f" time="1.151" classname="api.NewTest"/>
</testsuite> <!-- api.NewTest -->
