<?xml version="1.0" encoding="UTF-8"?>
<!-- Generated by org.testng.reporters.JUnitReportReporter -->
<testsuite skipped="0" hostname="DESKTOP-RPROTA7" name="com.NewTest2" tests="2" failures="0" timestamp="26 二月 2019 13:32:55 GMT" time="0.007" errors="0">
  <testcase name="sumTest" time="0.002" classname="com.NewTest2"/>
  <testcase name="sumTest" time="0.005" classname="com.NewTest2"/>
</testsuite> <!-- com.NewTest2 -->
